Started at Thu Oct 07 09:19:06 UTC 2021
Processing anisble-users-db
Offering anisble-users-db to Project Build Discarder
Processing ansible-test
Offering ansible-test to Project Build Discarder
Processing ansible-users-db-dsl
Offering ansible-users-db-dsl to Project Build Discarder
Processing back-to-aws
Offering back-to-aws to Project Build Discarder
Processing first-potato
Offering first-potato to Project Build Discarder
Processing git-job-test-hooks
Offering git-job-test-hooks to Project Build Discarder
Processing job-dsl
Offering job-dsl to Project Build Discarder
Processing job_dsl_created
Offering job_dsl_created to Project Build Discarder
Processing job_dsl_example
Offering job_dsl_example to Project Build Discarder
Processing maven-job
Offering maven-job to Project Build Discarder
Processing maven_dsl
Offering maven_dsl to Project Build Discarder
Processing pipeline
Offering pipeline to Project Build Discarder
Processing remote-task
Offering remote-task to Project Build Discarder
Finished at Thu Oct 07 09:19:06 UTC 2021. 1ms
Started at Thu Oct 07 10:19:06 UTC 2021
Processing anisble-users-db
Offering anisble-users-db to Project Build Discarder
Processing ansible-test
Offering ansible-test to Project Build Discarder
Processing ansible-users-db-dsl
Offering ansible-users-db-dsl to Project Build Discarder
Processing back-to-aws
Offering back-to-aws to Project Build Discarder
Processing first-potato
Offering first-potato to Project Build Discarder
Processing git-job-test-hooks
Offering git-job-test-hooks to Project Build Discarder
Processing job-dsl
Offering job-dsl to Project Build Discarder
Processing job_dsl_created
Offering job_dsl_created to Project Build Discarder
Processing job_dsl_example
Offering job_dsl_example to Project Build Discarder
Processing maven-job
Offering maven-job to Project Build Discarder
Processing maven_dsl
Offering maven_dsl to Project Build Discarder
Processing pipeline
Offering pipeline to Project Build Discarder
Processing remote-task
Offering remote-task to Project Build Discarder
Finished at Thu Oct 07 10:19:06 UTC 2021. 2ms
Started at Thu Oct 07 11:19:06 UTC 2021
Processing anisble-users-db
Offering anisble-users-db to Project Build Discarder
Processing ansible-test
Offering ansible-test to Project Build Discarder
Processing ansible-users-db-dsl
Offering ansible-users-db-dsl to Project Build Discarder
Processing back-to-aws
Offering back-to-aws to Project Build Discarder
Processing first-potato
Offering first-potato to Project Build Discarder
Processing git-job-test-hooks
Offering git-job-test-hooks to Project Build Discarder
Processing job-dsl
Offering job-dsl to Project Build Discarder
Processing job_dsl_created
Offering job_dsl_created to Project Build Discarder
Processing job_dsl_example
Offering job_dsl_example to Project Build Discarder
Processing maven-job
Offering maven-job to Project Build Discarder
Processing maven_dsl
Offering maven_dsl to Project Build Discarder
Processing pipeline
Offering pipeline to Project Build Discarder
Processing remote-task
Offering remote-task to Project Build Discarder
Finished at Thu Oct 07 11:19:06 UTC 2021. 2ms
Started at Thu Oct 07 12:19:06 UTC 2021
Processing anisble-users-db
Offering anisble-users-db to Project Build Discarder
Processing ansible-test
Offering ansible-test to Project Build Discarder
Processing ansible-users-db-dsl
Offering ansible-users-db-dsl to Project Build Discarder
Processing back-to-aws
Offering back-to-aws to Project Build Discarder
Processing first-potato
Offering first-potato to Project Build Discarder
Processing git-job-test-hooks
Offering git-job-test-hooks to Project Build Discarder
Processing job-dsl
Offering job-dsl to Project Build Discarder
Processing job_dsl_created
Offering job_dsl_created to Project Build Discarder
Processing job_dsl_example
Offering job_dsl_example to Project Build Discarder
Processing maven-job
Offering maven-job to Project Build Discarder
Processing maven_dsl
Offering maven_dsl to Project Build Discarder
Processing pipeline
Offering pipeline to Project Build Discarder
Processing remote-task
Offering remote-task to Project Build Discarder
Finished at Thu Oct 07 12:19:06 UTC 2021. 1ms
Started at Thu Oct 07 13:19:06 UTC 2021
Processing anisble-users-db
Offering anisble-users-db to Project Build Discarder
Processing ansible-test
Offering ansible-test to Project Build Discarder
Processing ansible-users-db-dsl
Offering ansible-users-db-dsl to Project Build Discarder
Processing back-to-aws
Offering back-to-aws to Project Build Discarder
Processing first-potato
Offering first-potato to Project Build Discarder
Processing git-job-test-hooks
Offering git-job-test-hooks to Project Build Discarder
Processing job-dsl
Offering job-dsl to Project Build Discarder
Processing job_dsl_created
Offering job_dsl_created to Project Build Discarder
Processing job_dsl_example
Offering job_dsl_example to Project Build Discarder
Processing maven-job
Offering maven-job to Project Build Discarder
Processing maven_dsl
Offering maven_dsl to Project Build Discarder
Processing pipeline
Offering pipeline to Project Build Discarder
Processing remote-task
Offering remote-task to Project Build Discarder
Finished at Thu Oct 07 13:19:06 UTC 2021. 2ms
Started at Thu Oct 07 14:19:06 UTC 2021
Processing anisble-users-db
Offering anisble-users-db to Project Build Discarder
Processing ansible-test
Offering ansible-test to Project Build Discarder
Processing ansible-users-db-dsl
Offering ansible-users-db-dsl to Project Build Discarder
Processing back-to-aws
Offering back-to-aws to Project Build Discarder
Processing first-potato
Offering first-potato to Project Build Discarder
Processing git-job-test-hooks
Offering git-job-test-hooks to Project Build Discarder
Processing job-dsl
Offering job-dsl to Project Build Discarder
Processing job_dsl_created
Offering job_dsl_created to Project Build Discarder
Processing job_dsl_example
Offering job_dsl_example to Project Build Discarder
Processing maven-job
Offering maven-job to Project Build Discarder
Processing maven_dsl
Offering maven_dsl to Project Build Discarder
Processing pipeline
Offering pipeline to Project Build Discarder
Processing remote-task
Offering remote-task to Project Build Discarder
Finished at Thu Oct 07 14:19:06 UTC 2021. 5ms
Started at Thu Oct 07 15:19:06 UTC 2021
Processing anisble-users-db
Offering anisble-users-db to Project Build Discarder
Processing ansible-test
Offering ansible-test to Project Build Discarder
Processing ansible-users-db-dsl
Offering ansible-users-db-dsl to Project Build Discarder
Processing back-to-aws
Offering back-to-aws to Project Build Discarder
Processing first-potato
Offering first-potato to Project Build Discarder
Processing git-job-test-hooks
Offering git-job-test-hooks to Project Build Discarder
Processing job-dsl
Offering job-dsl to Project Build Discarder
Processing job_dsl_created
Offering job_dsl_created to Project Build Discarder
Processing job_dsl_example
Offering job_dsl_example to Project Build Discarder
Processing maven-job
Offering maven-job to Project Build Discarder
Processing maven_dsl
Offering maven_dsl to Project Build Discarder
Processing pipeline
Offering pipeline to Project Build Discarder
Processing remote-task
Offering remote-task to Project Build Discarder
Finished at Thu Oct 07 15:19:06 UTC 2021. 2ms
